d:\tanvir\documents\dnaproj-tanvirbranch\tetris\tetris\debug\vc141.pdb
d:\tanvir\documents\dnaproj-tanvirbranch\tetris\tetris\debug\vc141.idb
d:\tanvir\documents\dnaproj-tanvirbranch\tetris\tetris\debug\texture2d.obj
d:\tanvir\documents\dnaproj-tanvirbranch\tetris\tetris\debug\source.obj
d:\tanvir\documents\dnaproj-tanvirbranch\tetris\tetris\debug\audiomanager.obj
d:\tanvir\documents\dnaproj-tanvirbranch\tetris\tetris\debug\gamescreentitle.obj
d:\tanvir\documents\dnaproj-tanvirbranch\tetris\tetris\debug\gamescreenmanager.obj
d:\tanvir\documents\dnaproj-tanvirbranch\tetris\tetris\debug\gamescreenlevelone.obj
d:\tanvir\documents\dnaproj-tanvirbranch\tetris\tetris\debug\gamescreen.obj
d:\tanvir\documents\dnaproj-tanvirbranch\tetris\tetris\debug\character.obj
d:\tanvir\documents\dnaproj-tanvirbranch\tetris\tetris\debug\tilemap.obj
d:\tanvir\documents\dnaproj-tanvirbranch\tetris\tetris\debug\collisions.obj
d:\tanvir\documents\dnaproj-tanvirbranch\tetris\tetris\debug\charactergrid.obj
d:\tanvir\documents\dnaproj-tanvirbranch\tetris\tetris\debug\charactertetromino.obj
d:\tanvir\documents\dnaproj-tanvirbranch\tetris\tetris\debug\gamescreengameover.obj
d:\tanvir\documents\dnaproj-tanvirbranch\tetris\tetris\debug\charactertetrominooutline.obj
a:\documents\github\tetris\tetris\debug\vc142.pdb
a:\documents\github\tetris\tetris\debug\vc142.idb
a:\documents\github\tetris\tetris\debug\tilemap.obj
a:\documents\github\tetris\tetris\debug\texture2d.obj
a:\documents\github\tetris\tetris\debug\source.obj
a:\documents\github\tetris\tetris\debug\audiomanager.obj
a:\documents\github\tetris\tetris\debug\gamescreentitle.obj
a:\documents\github\tetris\tetris\debug\gamescreenmanager.obj
a:\documents\github\tetris\tetris\debug\gamescreenlevelone.obj
a:\documents\github\tetris\tetris\debug\gamescreengameover.obj
a:\documents\github\tetris\tetris\debug\gamescreen.obj
a:\documents\github\tetris\tetris\debug\collisions.obj
a:\documents\github\tetris\tetris\debug\charactertetrominooutline.obj
a:\documents\github\tetris\tetris\debug\charactertetromino.obj
a:\documents\github\tetris\tetris\debug\charactergrid.obj
a:\documents\github\tetris\tetris\debug\character.obj
a:\documents\github\tetris\tetris\debug\text.obj
d:\tanvir\documents\dnaproj-tanvirbranch\tetris\debug\tetris.exe
d:\tanvir\documents\dnaproj-tanvirbranch\tetris\debug\tetris.ilk
d:\tanvir\documents\dnaproj-tanvirbranch\tetris\debug\tetris.pdb
a:\documents\github\tetris\debug\tetris.ilk
a:\documents\github\tetris\debug\tetris.exe
a:\documents\github\tetris\debug\tetris.pdb
a:\documents\github\tetris\tetris\debug\character.obj.enc
a:\documents\github\tetris\tetris\debug\vc141.idb
a:\documents\github\tetris\tetris\debug\vc141.pdb
a:\documents\github\tetris\tetris\debug\tetris.tlog\cl.command.1.tlog
a:\documents\github\tetris\tetris\debug\tetris.tlog\cl.read.1.tlog
a:\documents\github\tetris\tetris\debug\tetris.tlog\cl.write.1.tlog
a:\documents\github\tetris\tetris\debug\tetris.tlog\link.command.1.tlog
a:\documents\github\tetris\tetris\debug\tetris.tlog\link.read.1.tlog
a:\documents\github\tetris\tetris\debug\tetris.tlog\link.write.1.tlog
