  CharacterTetromino.cpp
A:\Documents\GitHub\Tetris\Tetris\CharacterTetromino.cpp(22,11): warning C4244: '=': conversion from 'float' to 'int', possible loss of data
A:\Documents\GitHub\Tetris\Tetris\CharacterTetromino.cpp(78,21): warning C4244: '-=': conversion from 'float' to 'int', possible loss of data
A:\Documents\GitHub\Tetris\Tetris\CharacterTetromino.cpp(81,12): warning C4244: '=': conversion from 'float' to 'int', possible loss of data
A:\Documents\GitHub\Tetris\Tetris\CharacterTetromino.cpp(155,6): warning C4101: 'tempX': unreferenced local variable
A:\Documents\GitHub\Tetris\Tetris\CharacterTetromino.cpp(171,6): warning C4101: 'tempX': unreferenced local variable
A:\Documents\GitHub\Tetris\Tetris\CharacterTetromino.cpp(189,117): warning C4244: 'argument': conversion from 'float' to 'unsigned int', possible loss of data
A:\Documents\GitHub\Tetris\Tetris\CharacterTetromino.cpp(189,58): warning C4244: 'argument': conversion from 'float' to 'unsigned int', possible loss of data
A:\Documents\GitHub\Tetris\Tetris\CharacterTetromino.cpp(208,115): warning C4244: 'argument': conversion from 'float' to 'unsigned int', possible loss of data
A:\Documents\GitHub\Tetris\Tetris\CharacterTetromino.cpp(208,58): warning C4244: 'argument': conversion from 'float' to 'unsigned int', possible loss of data
A:\Documents\GitHub\Tetris\Tetris\CharacterTetromino.cpp(228,51): warning C4244: 'argument': conversion from 'int' to 'float', possible loss of data
A:\Documents\GitHub\Tetris\Tetris\CharacterTetromino.cpp(228,39): warning C4244: 'argument': conversion from 'int' to 'float', possible loss of data
A:\Documents\GitHub\Tetris\Tetris\CharacterTetromino.cpp(232,26): warning C4244: '=': conversion from 'float' to 'int', possible loss of data
A:\Documents\GitHub\Tetris\Tetris\CharacterTetromino.cpp(233,26): warning C4244: '=': conversion from 'float' to 'int', possible loss of data
A:\Documents\GitHub\Tetris\Tetris\CharacterTetromino.cpp(240,27): warning C4244: '=': conversion from 'float' to 'int', possible loss of data
A:\Documents\GitHub\Tetris\Tetris\CharacterTetromino.cpp(241,27): warning C4244: '=': conversion from 'float' to 'int', possible loss of data
A:\Documents\GitHub\Tetris\Tetris\CharacterTetromino.cpp(254,51): warning C4244: 'argument': conversion from 'int' to 'float', possible loss of data
A:\Documents\GitHub\Tetris\Tetris\CharacterTetromino.cpp(254,39): warning C4244: 'argument': conversion from 'int' to 'float', possible loss of data
A:\Documents\GitHub\Tetris\Tetris\CharacterTetromino.cpp(258,26): warning C4244: '=': conversion from 'float' to 'int', possible loss of data
A:\Documents\GitHub\Tetris\Tetris\CharacterTetromino.cpp(259,26): warning C4244: '=': conversion from 'float' to 'int', possible loss of data
A:\Documents\GitHub\Tetris\Tetris\CharacterTetromino.cpp(266,27): warning C4244: '=': conversion from 'float' to 'int', possible loss of data
A:\Documents\GitHub\Tetris\Tetris\CharacterTetromino.cpp(267,27): warning C4244: '=': conversion from 'float' to 'int', possible loss of data
A:\Documents\GitHub\Tetris\Tetris\CharacterTetromino.cpp(309,104): warning C4244: 'argument': conversion from 'float' to 'unsigned int', possible loss of data
A:\Documents\GitHub\Tetris\Tetris\CharacterTetromino.cpp(309,60): warning C4244: 'argument': conversion from 'float' to 'unsigned int', possible loss of data
  GameScreenManager.cpp
  GameScreenTetris.cpp
A:\Documents\GitHub\Tetris\Tetris\GameScreenTetris.cpp(9,12): warning C4244: 'argument': conversion from 'time_t' to 'unsigned int', possible loss of data
A:\Documents\GitHub\Tetris\Tetris\GameScreenTetris.cpp(23,20): warning C4834: discarding return value of function with 'nodiscard' attribute
  Generating Code...
A:\Documents\GitHub\Tetris\Tetris\GameScreenTetris.cpp(77): warning C4715: 'GameScreenTetris::SetUpLevel': not all control paths return a value
A:\Documents\GitHub\Tetris\Tetris\CharacterTetromino.cpp(200): warning C4715: 'CharacterTetromino::CheckLeft': not all control paths return a value
A:\Documents\GitHub\Tetris\Tetris\CharacterTetromino.cpp(219): warning C4715: 'CharacterTetromino::CheckRight': not all control paths return a value
  Tetris.vcxproj -> A:\Documents\GitHub\Tetris\Debug\Tetris.exe
